2022-09-01 16:15:37,312 [main] INFO QA Imam = Prodhan - User able to open any browser
2022-09-01 16:15:37,611 [main] INFO io.github.bonigarcia.wdm.WebDriverManager - Using chromedriver 104.0.5112.79 (resolved driver for Chrome 104)
2022-09-01 16:15:37,622 [main] INFO io.github.bonigarcia.wdm.WebDriverManager - Exporting webdriver.chrome.driver as C:\Users\prodh\.cache\selenium\chromedriver\win32\104.0.5112.79\chromedriver.exe
2022-09-01 16:15:38,853 [main] INFO QA Imam = Prodhan - User able to enter {string} URL
2022-09-01 16:15:43,617 [main] INFO QA Imam = Prodhan - User able to click on the Sign-in button
2022-09-01 16:15:45,143 [main] INFO QA Imam = Prodhan - User able to enter userName
2022-09-01 16:15:45,341 [main] INFO QA Imam = Prodhan - User able to enter the password
2022-09-01 16:15:45,342 [main] INFO QA Imam = Prodhan - User able to click on Login button
2022-09-01 16:15:45,496 [main] INFO QA Imam = Prodhan - User able to verify information as {string} on the grid
2022-09-01 16:28:11,843 [main] INFO QA Imam = Prodhan - User able to open any browser
2022-09-01 16:31:31,841 [main] INFO QA Imam = Prodhan - User able to open any browser
2022-09-01 16:31:31,848 [main] INFO QA Imam = Prodhan - User able to open chrome driver
2022-09-01 16:31:32,123 [main] INFO io.github.bonigarcia.wdm.WebDriverManager - Using chromedriver 104.0.5112.79 (resolved driver for Chrome 104)
2022-09-01 16:31:32,139 [main] INFO io.github.bonigarcia.wdm.WebDriverManager - Exporting webdriver.chrome.driver as C:\Users\prodh\.cache\selenium\chromedriver\win32\104.0.5112.79\chromedriver.exe
2022-09-01 16:31:33,377 [main] INFO QA Imam = Prodhan - User able to enter {string} URL
2022-09-01 16:31:38,395 [main] INFO QA Imam = Prodhan - User able to click on the Sign-in button
2022-09-01 16:31:40,197 [main] INFO QA Imam = Prodhan - User able to enter userName
2022-09-01 16:31:40,413 [main] INFO QA Imam = Prodhan - User able to enter the password
2022-09-01 16:31:40,414 [main] INFO QA Imam = Prodhan - User able to click on Login button
2022-09-01 16:31:40,556 [main] INFO QA Imam = Prodhan - User able to verify information as {string} on the grid
2022-09-01 16:31:48,614 [main] INFO QA Imam = Prodhan - User able to open any browser
2022-09-01 16:31:48,622 [main] INFO QA Imam = Prodhan - User able to open chrome driver
2022-09-01 16:31:48,891 [main] INFO io.github.bonigarcia.wdm.WebDriverManager - Using chromedriver 104.0.5112.79 (resolved driver for Chrome 104)
2022-09-01 16:31:48,902 [main] INFO io.github.bonigarcia.wdm.WebDriverManager - Exporting webdriver.chrome.driver as C:\Users\prodh\.cache\selenium\chromedriver\win32\104.0.5112.79\chromedriver.exe
2022-09-01 16:31:50,155 [main] INFO QA Imam = Prodhan - User able to enter {string} URL
2022-09-01 16:31:54,563 [main] INFO QA Imam = Prodhan - User able to click on the Sign-in button
2022-09-01 16:31:56,165 [main] INFO QA Imam = Prodhan - User able to enter userName
2022-09-01 16:31:56,366 [main] INFO QA Imam = Prodhan - User able to enter the password
2022-09-01 16:31:56,367 [main] INFO QA Imam = Prodhan - User able to click on Login button
2022-09-01 16:31:56,508 [main] INFO QA Imam = Prodhan - User able to verify information as {string} on the grid
2022-09-01 16:32:51,568 [main] INFO QA Imam = Prodhan - User able to open any browser
2022-09-01 16:32:51,576 [main] INFO QA Imam = Prodhan - User able to open edge driver
2022-09-01 16:37:40,622 [main] INFO QA Imam = Prodhan - User able to open any browser
2022-09-01 16:37:40,630 [main] INFO QA Imam = Prodhan - User able to open edge driver
2022-09-01 16:37:42,313 [main] INFO QA Imam = Prodhan - User able to enter {string} URL
2022-09-01 16:37:48,177 [main] INFO QA Imam = Prodhan - User able to click on the Sign-in button
2022-09-01 16:37:49,647 [main] INFO QA Imam = Prodhan - User able to enter userName
2022-09-01 16:37:49,817 [main] INFO QA Imam = Prodhan - User able to enter the password
2022-09-01 16:37:49,818 [main] INFO QA Imam = Prodhan - User able to click on Login button
2022-09-01 16:37:49,896 [main] INFO QA Imam = Prodhan - User able to verify information as {string} on the grid
2022-09-01 16:38:00,106 [main] INFO QA Imam = Prodhan - User able to open any browser
2022-09-01 16:38:00,116 [main] INFO QA Imam = Prodhan - User able to open edge driver
2022-09-01 16:38:03,063 [main] INFO QA Imam = Prodhan - User able to enter {string} URL
2022-09-01 16:38:07,616 [main] INFO QA Imam = Prodhan - User able to click on the Sign-in button
2022-09-01 16:38:11,371 [main] INFO QA Imam = Prodhan - User able to enter userName
2022-09-01 16:38:11,558 [main] INFO QA Imam = Prodhan - User able to enter the password
2022-09-01 16:38:11,558 [main] INFO QA Imam = Prodhan - User able to click on Login button
2022-09-01 16:38:11,647 [main] INFO QA Imam = Prodhan - User able to verify information as {string} on the grid
2022-09-01 16:38:21,288 [main] INFO QA Imam = Prodhan - User able to open any browser
2022-09-01 16:38:21,295 [main] INFO QA Imam = Prodhan - User able to open edge driver
2022-09-01 16:38:24,264 [main] INFO QA Imam = Prodhan - User able to enter {string} URL
2022-09-01 16:38:27,724 [main] INFO QA Imam = Prodhan - User able to click on the Sign-in button
2022-09-01 16:38:29,052 [main] INFO QA Imam = Prodhan - User able to enter userName
2022-09-01 16:38:29,222 [main] INFO QA Imam = Prodhan - User able to enter the password
2022-09-01 16:38:29,223 [main] INFO QA Imam = Prodhan - User able to click on Login button
2022-09-01 16:38:29,302 [main] INFO QA Imam = Prodhan - User able to verify information as {string} on the grid
2022-09-01 16:46:00,539 [main] INFO QA Imam = Prodhan - User able to open any browser
2022-09-01 16:46:00,545 [main] INFO QA Imam = Prodhan - User able to open edge driver
2022-09-01 16:46:03,816 [main] INFO QA Imam = Prodhan - User able to enter {string} URL
2022-09-01 16:46:06,493 [main] INFO QA Imam = Prodhan - User able to click on the Sign-in button
2022-09-01 16:46:08,021 [main] INFO QA Imam = Prodhan - User able to enter userName
2022-09-01 16:46:08,183 [main] INFO QA Imam = Prodhan - User able to enter the password
2022-09-01 16:46:08,184 [main] INFO QA Imam = Prodhan - User able to click on Login button
2022-09-01 16:46:08,273 [main] INFO QA Imam = Prodhan - User able to verify information as {string} on the grid
2022-09-01 16:46:17,839 [main] INFO QA Imam = Prodhan - User able to open any browser
2022-09-01 16:46:17,847 [main] INFO QA Imam = Prodhan - User able to open edge driver
2022-09-01 16:46:20,849 [main] INFO QA Imam = Prodhan - User able to enter {string} URL
2022-09-01 16:46:24,021 [main] INFO QA Imam = Prodhan - User able to click on the Sign-in button
2022-09-01 16:46:25,379 [main] INFO QA Imam = Prodhan - User able to enter userName
2022-09-01 16:46:25,550 [main] INFO QA Imam = Prodhan - User able to enter the password
2022-09-01 16:46:25,551 [main] INFO QA Imam = Prodhan - User able to click on Login button
2022-09-01 16:46:25,628 [main] INFO QA Imam = Prodhan - User able to verify information as {string} on the grid
2022-09-01 16:48:30,954 [main] INFO QA Imam = Prodhan - User able to open any browser
2022-09-01 16:48:30,961 [main] INFO QA Imam = Prodhan - User able to open edge driver
2022-09-01 16:48:33,881 [main] INFO QA Imam = Prodhan - User able to enter {string} URL
2022-09-01 16:48:37,675 [main] INFO QA Imam = Prodhan - User able to click on the Sign-in button
2022-09-01 16:48:40,422 [main] INFO QA Imam = Prodhan - User able to enter userName
2022-09-01 16:48:48,979 [main] INFO QA Imam = Prodhan - User able to open any browser
2022-09-01 16:48:48,983 [main] INFO QA Imam = Prodhan - User able to open edge driver
2022-09-01 16:48:51,931 [main] INFO QA Imam = Prodhan - User able to enter {string} URL
2022-09-01 16:48:57,356 [main] INFO QA Imam = Prodhan - User able to click on the Sign-in button
2022-09-01 16:49:00,739 [main] INFO QA Imam = Prodhan - User able to enter userName
2022-09-01 16:49:00,937 [main] INFO QA Imam = Prodhan - User able to enter the password
2022-09-01 16:49:00,938 [main] INFO QA Imam = Prodhan - User able to click on Login button
2022-09-01 16:49:01,032 [main] INFO QA Imam = Prodhan - User able to verify information as {string} on the grid
2022-09-01 16:49:08,245 [main] INFO QA Imam = Prodhan - User able to open any browser
2022-09-01 16:49:08,253 [main] INFO QA Imam = Prodhan - User able to open edge driver
2022-09-01 16:49:11,528 [main] INFO QA Imam = Prodhan - User able to enter {string} URL
2022-09-01 16:49:14,158 [main] INFO QA Imam = Prodhan - User able to click on the Sign-in button
2022-09-01 16:49:15,791 [main] INFO QA Imam = Prodhan - User able to enter userName
2022-09-01 16:49:15,961 [main] INFO QA Imam = Prodhan - User able to enter the password
2022-09-01 16:49:15,961 [main] INFO QA Imam = Prodhan - User able to click on Login button
2022-09-01 16:49:16,044 [main] INFO QA Imam = Prodhan - User able to verify information as {string} on the grid
2022-09-01 16:49:52,129 [main] INFO QA Imam = Prodhan - User able to open any browser
2022-09-01 16:49:52,137 [main] INFO QA Imam = Prodhan - User able to open chrome driver
2022-09-01 16:49:53,201 [main] INFO io.github.bonigarcia.wdm.WebDriverManager - Using chromedriver 104.0.5112.79 (resolved driver for Chrome 104)
2022-09-01 16:49:53,212 [main] INFO io.github.bonigarcia.wdm.WebDriverManager - Exporting webdriver.chrome.driver as C:\Users\prodh\.cache\selenium\chromedriver\win32\104.0.5112.79\chromedriver.exe
2022-09-01 16:49:54,395 [main] INFO QA Imam = Prodhan - User able to enter {string} URL
2022-09-01 16:49:59,488 [main] INFO QA Imam = Prodhan - User able to click on the Sign-in button
2022-09-01 16:50:01,650 [main] INFO QA Imam = Prodhan - User able to enter userName
2022-09-01 16:50:01,871 [main] INFO QA Imam = Prodhan - User able to enter the password
2022-09-01 16:50:01,872 [main] INFO QA Imam = Prodhan - User able to click on Login button
2022-09-01 16:50:02,002 [main] INFO QA Imam = Prodhan - User able to verify information as {string} on the grid
2022-09-01 16:50:10,085 [main] INFO QA Imam = Prodhan - User able to open any browser
2022-09-01 16:50:10,094 [main] INFO QA Imam = Prodhan - User able to open chrome driver
2022-09-01 16:50:10,365 [main] INFO io.github.bonigarcia.wdm.WebDriverManager - Using chromedriver 104.0.5112.79 (resolved driver for Chrome 104)
2022-09-01 16:50:10,382 [main] INFO io.github.bonigarcia.wdm.WebDriverManager - Exporting webdriver.chrome.driver as C:\Users\prodh\.cache\selenium\chromedriver\win32\104.0.5112.79\chromedriver.exe
2022-09-01 16:50:11,564 [main] INFO QA Imam = Prodhan - User able to enter {string} URL
2022-09-01 16:50:14,928 [main] INFO QA Imam = Prodhan - User able to click on the Sign-in button
2022-09-01 16:50:16,872 [main] INFO QA Imam = Prodhan - User able to enter userName
2022-09-01 16:50:17,086 [main] INFO QA Imam = Prodhan - User able to enter the password
2022-09-01 16:50:17,086 [main] INFO QA Imam = Prodhan - User able to click on Login button
2022-09-01 16:50:17,251 [main] INFO QA Imam = Prodhan - User able to verify information as {string} on the grid
2022-09-01 16:50:24,934 [main] INFO QA Imam = Prodhan - User able to open any browser
2022-09-01 16:50:24,941 [main] INFO QA Imam = Prodhan - User able to open chrome driver
2022-09-01 16:50:25,205 [main] INFO io.github.bonigarcia.wdm.WebDriverManager - Using chromedriver 104.0.5112.79 (resolved driver for Chrome 104)
2022-09-01 16:50:25,220 [main] INFO io.github.bonigarcia.wdm.WebDriverManager - Exporting webdriver.chrome.driver as C:\Users\prodh\.cache\selenium\chromedriver\win32\104.0.5112.79\chromedriver.exe
2022-09-01 16:50:26,374 [main] INFO QA Imam = Prodhan - User able to enter {string} URL
2022-09-01 16:50:30,535 [main] INFO QA Imam = Prodhan - User able to click on the Sign-in button
2022-09-01 16:50:32,563 [main] INFO QA Imam = Prodhan - User able to enter userName
2022-09-01 16:50:32,772 [main] INFO QA Imam = Prodhan - User able to enter the password
2022-09-01 16:50:32,774 [main] INFO QA Imam = Prodhan - User able to click on Login button
2022-09-01 16:50:32,952 [main] INFO QA Imam = Prodhan - User able to verify information as {string} on the grid
2022-09-01 16:50:42,735 [main] INFO QA Imam = Prodhan - User able to open any browser
2022-09-01 16:50:42,743 [main] INFO QA Imam = Prodhan - User able to open chrome driver
2022-09-01 16:50:43,014 [main] INFO io.github.bonigarcia.wdm.WebDriverManager - Using chromedriver 104.0.5112.79 (resolved driver for Chrome 104)
2022-09-01 16:50:43,030 [main] INFO io.github.bonigarcia.wdm.WebDriverManager - Exporting webdriver.chrome.driver as C:\Users\prodh\.cache\selenium\chromedriver\win32\104.0.5112.79\chromedriver.exe
2022-09-01 16:50:44,268 [main] INFO QA Imam = Prodhan - User able to enter {string} URL
2022-09-01 16:50:48,427 [main] INFO QA Imam = Prodhan - User able to click on the Sign-in button
2022-09-01 16:50:50,252 [main] INFO QA Imam = Prodhan - User able to enter userName
2022-09-01 16:50:50,466 [main] INFO QA Imam = Prodhan - User able to enter the password
2022-09-01 16:50:50,467 [main] INFO QA Imam = Prodhan - User able to click on Login button
2022-09-01 16:50:50,613 [main] INFO QA Imam = Prodhan - User able to verify information as {string} on the grid
2022-09-01 16:55:36,923 [main] INFO QA Imam = Prodhan - User able to open any browser
2022-09-01 16:55:36,930 [main] INFO QA Imam = Prodhan - User able to open chrome driver
2022-09-01 16:55:37,270 [main] INFO io.github.bonigarcia.wdm.WebDriverManager - Using chromedriver 104.0.5112.79 (resolved driver for Chrome 104)
2022-09-01 16:55:37,285 [main] INFO io.github.bonigarcia.wdm.WebDriverManager - Exporting webdriver.chrome.driver as C:\Users\prodh\.cache\selenium\chromedriver\win32\104.0.5112.79\chromedriver.exe
2022-09-01 16:55:38,508 [main] INFO QA Imam = Prodhan - User able to enter {string} URL
2022-09-01 16:55:46,163 [main] INFO QA Imam = Prodhan - User able to click on the Sign-in button
2022-09-01 16:55:47,838 [main] INFO QA Imam = Prodhan - User able to enter userName
2022-09-01 16:55:48,056 [main] INFO QA Imam = Prodhan - User able to enter the password
2022-09-01 16:55:48,057 [main] INFO QA Imam = Prodhan - User able to click on Login button
2022-09-01 16:55:48,210 [main] INFO QA Imam = Prodhan - User able to verify information as {string} on the grid
2022-09-01 20:43:03,304 [main] INFO QA Imam = Prodhan - User able to open any browser
2022-09-01 20:43:03,313 [main] INFO QA Imam = Prodhan - User able to open chrome driver
2022-09-01 20:43:03,974 [main] INFO io.github.bonigarcia.wdm.WebDriverManager - Using chromedriver 104.0.5112.79 (resolved driver for Chrome 104)
2022-09-01 20:43:03,985 [main] INFO io.github.bonigarcia.wdm.WebDriverManager - Exporting webdriver.chrome.driver as C:\Users\prodh\.cache\selenium\chromedriver\win32\104.0.5112.79\chromedriver.exe
2022-09-01 20:43:05,135 [main] INFO QA Imam = Prodhan - User able to enter {string} URL
2022-09-01 20:43:08,034 [main] INFO QA Imam = Prodhan - User able to click on the Sign-in button
2022-09-01 20:43:10,148 [main] INFO QA Imam = Prodhan - User able to enter userName
2022-09-01 20:43:10,362 [main] INFO QA Imam = Prodhan - User able to enter the password
2022-09-01 20:43:10,362 [main] INFO QA Imam = Prodhan - User able to click on Login button
2022-09-01 20:43:10,498 [main] INFO QA Imam = Prodhan - User able to verify information as {string} on the grid
2022-09-01 20:43:21,086 [main] INFO QA Imam = Prodhan - User able to open any browser
2022-09-01 20:43:21,095 [main] INFO QA Imam = Prodhan - User able to open chrome driver
2022-09-01 20:43:21,372 [main] INFO io.github.bonigarcia.wdm.WebDriverManager - Using chromedriver 104.0.5112.79 (resolved driver for Chrome 104)
2022-09-01 20:43:21,380 [main] INFO io.github.bonigarcia.wdm.WebDriverManager - Exporting webdriver.chrome.driver as C:\Users\prodh\.cache\selenium\chromedriver\win32\104.0.5112.79\chromedriver.exe
2022-09-01 20:43:22,581 [main] INFO QA Imam = Prodhan - User able to enter {string} URL
2022-09-01 20:43:24,990 [main] INFO QA Imam = Prodhan - User able to click on the Sign-in button
2022-09-01 20:43:26,488 [main] INFO QA Imam = Prodhan - User able to enter userName
2022-09-01 20:43:26,697 [main] INFO QA Imam = Prodhan - User able to enter the password
2022-09-01 20:43:26,697 [main] INFO QA Imam = Prodhan - User able to click on Login button
2022-09-01 20:43:26,840 [main] INFO QA Imam = Prodhan - User able to verify information as {string} on the grid
2022-09-01 20:51:38,322 [main] INFO QA Imam = Prodhan - User able to open any browser
2022-09-01 20:51:38,329 [main] INFO QA Imam = Prodhan - User able to open chrome driver
2022-09-01 20:51:38,581 [main] INFO io.github.bonigarcia.wdm.WebDriverManager - Using chromedriver 104.0.5112.79 (resolved driver for Chrome 104)
2022-09-01 20:51:38,594 [main] INFO io.github.bonigarcia.wdm.WebDriverManager - Exporting webdriver.chrome.driver as C:\Users\prodh\.cache\selenium\chromedriver\win32\104.0.5112.79\chromedriver.exe
2022-09-01 20:51:39,833 [main] INFO QA Imam = Prodhan - User able to enter {string} URL
2022-09-01 20:51:42,982 [main] INFO QA Imam = Prodhan - User able to click on the Sign-in button
2022-09-01 20:51:44,765 [main] INFO QA Imam = Prodhan - User able to enter userName
2022-09-01 20:51:44,972 [main] INFO QA Imam = Prodhan - User able to enter the password
2022-09-01 20:51:44,973 [main] INFO QA Imam = Prodhan - User able to click on Login button
2022-09-01 20:51:45,111 [main] INFO QA Imam = Prodhan - User able to verify information as {string} on the grid
2022-09-01 20:51:57,053 [main] INFO QA Imam = Prodhan - User able to open any browser
2022-09-01 20:51:57,060 [main] INFO QA Imam = Prodhan - User able to open chrome driver
2022-09-01 20:51:57,323 [main] INFO io.github.bonigarcia.wdm.WebDriverManager - Using chromedriver 104.0.5112.79 (resolved driver for Chrome 104)
2022-09-01 20:51:57,336 [main] INFO io.github.bonigarcia.wdm.WebDriverManager - Exporting webdriver.chrome.driver as C:\Users\prodh\.cache\selenium\chromedriver\win32\104.0.5112.79\chromedriver.exe
2022-09-01 20:51:58,567 [main] INFO QA Imam = Prodhan - User able to enter {string} URL
2022-09-01 20:52:03,802 [main] INFO QA Imam = Prodhan - User able to click on the Sign-in button
2022-09-01 20:52:05,863 [main] INFO QA Imam = Prodhan - User able to enter userName
2022-09-01 20:52:06,093 [main] INFO QA Imam = Prodhan - User able to enter the password
2022-09-01 20:52:06,094 [main] INFO QA Imam = Prodhan - User able to click on Login button
2022-09-01 20:52:06,235 [main] INFO QA Imam = Prodhan - User able to verify information as {string} on the grid
2022-09-01 20:52:31,736 [main] INFO QA Imam = Prodhan - User able to open any browser
2022-09-01 20:52:31,745 [main] INFO QA Imam = Prodhan - User able to open chrome driver
2022-09-01 20:52:32,015 [main] INFO io.github.bonigarcia.wdm.WebDriverManager - Using chromedriver 104.0.5112.79 (resolved driver for Chrome 104)
2022-09-01 20:52:32,028 [main] INFO io.github.bonigarcia.wdm.WebDriverManager - Exporting webdriver.chrome.driver as C:\Users\prodh\.cache\selenium\chromedriver\win32\104.0.5112.79\chromedriver.exe
2022-09-01 20:52:33,194 [main] INFO QA Imam = Prodhan - User able to enter {string} URL
2022-09-01 20:52:37,675 [main] INFO QA Imam = Prodhan - User able to click on the Sign-in button
2022-09-01 20:52:39,419 [main] INFO QA Imam = Prodhan - User able to enter userName
2022-09-01 20:52:39,624 [main] INFO QA Imam = Prodhan - User able to enter the password
2022-09-01 20:52:39,625 [main] INFO QA Imam = Prodhan - User able to click on Login button
2022-09-01 20:52:39,781 [main] INFO QA Imam = Prodhan - User able to verify information as {string} on the grid
2022-09-02 19:16:40,036 [main] INFO QA Saif Prodhan - User able to open any browser
2022-09-02 19:16:40,045 [main] INFO QA Saif Prodhan - User able to open chrome driver
2022-09-02 19:16:40,917 [main] INFO io.github.bonigarcia.wdm.WebDriverManager - Using chromedriver 104.0.5112.79 (resolved driver for Chrome 104)
2022-09-02 19:16:40,932 [main] INFO io.github.bonigarcia.wdm.WebDriverManager - Exporting webdriver.chrome.driver as C:\Users\prodh\.cache\selenium\chromedriver\win32\104.0.5112.79\chromedriver.exe
2022-09-02 19:16:42,816 [main] INFO QA Saif Prodhan - User able to enter {string} URL
2022-09-02 19:16:45,011 [main] INFO QA Saif Prodhan - User able to click on the Sign-in button
2022-09-02 19:16:46,634 [main] INFO QA Saif Prodhan - User able to enter userName
2022-09-02 19:16:46,846 [main] INFO QA Saif Prodhan - User able to enter the password
2022-09-02 19:16:46,847 [main] INFO QA Saif Prodhan - User able to click on Login button
2022-09-02 19:16:46,977 [main] INFO QA Saif Prodhan - User able to verify information as {string} on the grid
2022-09-02 19:24:54,894 [main] INFO QA Saif Prodhan - User able to open any browser
2022-09-02 19:24:54,902 [main] INFO QA Saif Prodhan - User able to open chrome driver
2022-09-02 19:24:55,166 [main] INFO io.github.bonigarcia.wdm.WebDriverManager - Using chromedriver 104.0.5112.79 (resolved driver for Chrome 104)
2022-09-02 19:24:55,178 [main] INFO io.github.bonigarcia.wdm.WebDriverManager - Exporting webdriver.chrome.driver as C:\Users\prodh\.cache\selenium\chromedriver\win32\104.0.5112.79\chromedriver.exe
2022-09-02 19:24:56,430 [main] INFO QA Saif Prodhan - User able to enter {string} URL
2022-09-02 19:24:58,413 [main] INFO QA Saif Prodhan - User able to click on the Sign-in button
2022-09-02 19:24:59,823 [main] INFO QA Saif Prodhan - User able to enter userName
2022-09-02 19:25:00,032 [main] INFO QA Saif Prodhan - User able to enter the password
2022-09-02 19:25:00,033 [main] INFO QA Saif Prodhan - User able to click on Login button
2022-09-02 19:25:00,178 [main] INFO QA Saif Prodhan - User able to verify information as {string} on the grid
2022-09-02 22:50:40,004 [main] INFO QA Saif Prodhan - User able to open any browser
2022-09-02 22:50:40,012 [main] INFO QA Saif Prodhan - User able to open chrome driver
2022-09-02 22:50:40,703 [main] INFO io.github.bonigarcia.wdm.WebDriverManager - Using chromedriver 104.0.5112.79 (resolved driver for Chrome 104)
2022-09-02 22:50:40,714 [main] INFO io.github.bonigarcia.wdm.WebDriverManager - Exporting webdriver.chrome.driver as C:\Users\prodh\.cache\selenium\chromedriver\win32\104.0.5112.79\chromedriver.exe
2022-09-02 22:50:42,030 [main] INFO QA Saif Prodhan - User able to enter {string} URL
2022-09-02 22:50:44,259 [main] INFO QA Saif Prodhan - User able to click on the Sign-in button
2022-09-02 22:50:45,806 [main] INFO QA Saif Prodhan - User able to enter userName
2022-09-02 22:50:46,018 [main] INFO QA Saif Prodhan - User able to enter the password
2022-09-02 22:50:46,019 [main] INFO QA Saif Prodhan - User able to click on Login button
2022-09-02 22:50:46,163 [main] INFO QA Saif Prodhan - User able to verify information as {string} on the grid
2022-09-02 22:51:18,873 [main] INFO QA Saif Prodhan - User able to open any browser
2022-09-02 22:51:18,880 [main] INFO QA Saif Prodhan - User able to open chrome driver
2022-09-02 22:51:19,152 [main] INFO io.github.bonigarcia.wdm.WebDriverManager - Using chromedriver 104.0.5112.79 (resolved driver for Chrome 104)
2022-09-02 22:51:19,168 [main] INFO io.github.bonigarcia.wdm.WebDriverManager - Exporting webdriver.chrome.driver as C:\Users\prodh\.cache\selenium\chromedriver\win32\104.0.5112.79\chromedriver.exe
2022-09-02 22:51:20,416 [main] INFO QA Saif Prodhan - User able to enter {string} URL
2022-09-02 22:51:22,488 [main] INFO QA Saif Prodhan - User able to click on the Sign-in button
2022-09-02 22:51:23,731 [main] INFO QA Saif Prodhan - User able to enter userName
2022-09-02 22:51:23,970 [main] INFO QA Saif Prodhan - User able to enter the password
2022-09-02 22:51:23,972 [main] INFO QA Saif Prodhan - User able to click on Login button
2022-09-02 22:51:24,163 [main] INFO QA Saif Prodhan - User able to verify information as {string} on the grid
2022-09-02 22:54:33,794 [main] INFO QA Saif Prodhan - User able to open any browser
2022-09-02 22:54:33,804 [main] INFO QA Saif Prodhan - User able to open edge driver
2022-09-02 22:54:37,192 [main] INFO QA Saif Prodhan - User able to enter {string} URL
2022-09-02 22:54:39,013 [main] INFO QA Saif Prodhan - User able to click on the Sign-in button
2022-09-02 22:54:39,859 [main] INFO QA Saif Prodhan - User able to enter userName
2022-09-02 22:54:40,021 [main] INFO QA Saif Prodhan - User able to enter the password
2022-09-02 22:54:40,021 [main] INFO QA Saif Prodhan - User able to click on Login button
2022-09-02 22:54:40,103 [main] INFO QA Saif Prodhan - User able to verify information as {string} on the grid
2022-09-02 22:58:18,246 [main] INFO QA Saif Prodhan - User able to open any browser
2022-09-02 22:58:18,256 [main] INFO QA Saif Prodhan - User able to open firefox driver
2022-09-02 23:13:34,356 [main] INFO QA Saif Prodhan - User able to open any browser
2022-09-02 23:13:34,364 [main] INFO QA Saif Prodhan - User able to open firefox driver
2022-09-02 23:13:35,577 [main] INFO io.github.bonigarcia.wdm.WebDriverManager - Reading https://api.github.com/repos/mozilla/geckodriver/releases to seek geckodriver
2022-09-02 23:13:35,919 [main] INFO io.github.bonigarcia.wdm.online.Downloader - Downloading https://github.com/mozilla/geckodriver/releases/download/v0.31.0/geckodriver-v0.31.0-win64.zip
2022-09-02 23:13:36,332 [main] INFO io.github.bonigarcia.wdm.online.Downloader - Extracting driver from compressed file geckodriver-v0.31.0-win64.zip
2022-09-02 23:13:36,387 [main] INFO io.github.bonigarcia.wdm.WebDriverManager - Exporting webdriver.gecko.driver as C:\Users\prodh\.cache\selenium\geckodriver\win64\0.31.0\geckodriver.exe
2022-09-02 23:14:39,997 [main] INFO QA Saif Prodhan - User able to open any browser
2022-09-02 23:14:40,004 [main] INFO QA Saif Prodhan - User able to open firefox driver
2022-09-02 23:14:41,007 [main] INFO io.github.bonigarcia.wdm.WebDriverManager - Reading https://api.github.com/repos/mozilla/geckodriver/releases to seek geckodriver
2022-09-02 23:14:41,341 [main] INFO io.github.bonigarcia.wdm.WebDriverManager - Exporting webdriver.gecko.driver as C:\Users\prodh\.cache\selenium\geckodriver\win64\0.31.0\geckodriver.exe
2022-09-02 23:19:06,476 [main] INFO QA Saif Prodhan - User able to open any browser
2022-09-02 23:19:06,484 [main] INFO QA Saif Prodhan - User able to open chrome driver
2022-09-02 23:19:06,748 [main] INFO io.github.bonigarcia.wdm.WebDriverManager - Using chromedriver 104.0.5112.79 (resolved driver for Chrome 104)
2022-09-02 23:19:06,761 [main] INFO io.github.bonigarcia.wdm.WebDriverManager - Exporting webdriver.chrome.driver as C:\Users\prodh\.cache\selenium\chromedriver\win32\104.0.5112.79\chromedriver.exe
2022-09-02 23:19:08,017 [main] INFO QA Saif Prodhan - User able to enter {string} URL
2022-09-02 23:19:10,222 [main] INFO QA Saif Prodhan - User able to click on the Sign-in button
2022-09-02 23:19:11,652 [main] INFO QA Saif Prodhan - User able to enter userName
2022-09-02 23:19:11,873 [main] INFO QA Saif Prodhan - User able to enter the password
2022-09-02 23:19:11,874 [main] INFO QA Saif Prodhan - User able to click on Login button
2022-09-02 23:19:12,012 [main] INFO QA Saif Prodhan - User able to verify information as {string} on the grid
2022-09-03 21:15:59,927 [main] INFO QA Saif Prodhan - User able to open any browser
2022-09-03 21:15:59,937 [main] INFO QA Saif Prodhan - User able to open chrome driver
2022-09-03 21:16:01,330 [main] INFO io.github.bonigarcia.wdm.WebDriverManager - Using chromedriver 105.0.5195.52 (resolved driver for Chrome 105)
2022-09-03 21:16:01,364 [main] INFO io.github.bonigarcia.wdm.WebDriverManager - Reading https://chromedriver.storage.googleapis.com/ to seek chromedriver
2022-09-03 21:16:02,287 [main] INFO io.github.bonigarcia.wdm.online.Downloader - Downloading https://chromedriver.storage.googleapis.com/105.0.5195.52/chromedriver_win32.zip
2022-09-03 21:16:08,335 [main] INFO io.github.bonigarcia.wdm.online.Downloader - Extracting driver from compressed file chromedriver_win32.zip
2022-09-03 21:16:08,631 [main] INFO io.github.bonigarcia.wdm.WebDriverManager - Exporting webdriver.chrome.driver as C:\Users\prodh\.cache\selenium\chromedriver\win32\105.0.5195.52\chromedriver.exe
2022-09-03 21:16:11,473 [main] INFO QA Saif Prodhan - User able to enter {string} URL
2022-09-03 21:16:19,764 [main] INFO QA Saif Prodhan - User able to click on the Sign-in button
2022-09-03 21:16:22,111 [main] INFO QA Saif Prodhan - User able to enter userName
2022-09-03 21:16:22,272 [main] INFO QA Saif Prodhan - User able to enter the password
2022-09-03 21:16:22,272 [main] INFO QA Saif Prodhan - User able to click on Login button
2022-09-03 21:16:22,350 [main] INFO QA Saif Prodhan - User able to verify information as {string} on the grid
2022-09-03 21:24:17,250 [main] INFO QA Saif Prodhan - User able to open any browser
2022-09-03 21:24:17,257 [main] INFO QA Saif Prodhan - User able to open chrome driver
2022-09-03 21:24:17,528 [main] INFO io.github.bonigarcia.wdm.WebDriverManager - Using chromedriver 105.0.5195.52 (resolved driver for Chrome 105)
2022-09-03 21:24:17,541 [main] INFO io.github.bonigarcia.wdm.WebDriverManager - Exporting webdriver.chrome.driver as C:\Users\prodh\.cache\selenium\chromedriver\win32\105.0.5195.52\chromedriver.exe
2022-09-03 21:24:18,763 [main] INFO QA Saif Prodhan - User able to enter {string} URL
2022-09-03 21:24:22,200 [main] INFO QA Saif Prodhan - User able to click on the Sign-in button
2022-09-03 21:24:24,255 [main] INFO QA Saif Prodhan - User able to enter userName
2022-09-03 21:24:24,417 [main] INFO QA Saif Prodhan - User able to enter the password
2022-09-03 21:24:24,418 [main] INFO QA Saif Prodhan - User able to click on Login button
2022-09-03 21:24:24,504 [main] INFO QA Saif Prodhan - User able to verify information as {string} on the grid
2022-09-03 23:07:21,781 [main] INFO QA Saif Prodhan - User able to open any browser
2022-09-03 23:07:21,785 [main] INFO QA Saif Prodhan - User able to open chrome driver
2022-09-03 23:07:22,469 [main] INFO io.github.bonigarcia.wdm.WebDriverManager - Using chromedriver 105.0.5195.52 (resolved driver for Chrome 105)
2022-09-03 23:07:22,486 [main] INFO io.github.bonigarcia.wdm.WebDriverManager - Exporting webdriver.chrome.driver as C:\Users\prodh\.cache\selenium\chromedriver\win32\105.0.5195.52\chromedriver.exe
2022-09-03 23:07:23,853 [main] INFO QA Saif Prodhan - User able to enter {string} URL
2022-09-03 23:07:27,595 [main] INFO QA Saif Prodhan - User able to click on the Sign-in button
2022-09-03 23:07:29,073 [main] INFO QA Saif Prodhan - User able to enter userName
2022-09-03 23:07:29,236 [main] INFO QA Saif Prodhan - User able to enter the password
2022-09-03 23:07:29,237 [main] INFO QA Saif Prodhan - User able to click on Login button
2022-09-03 23:07:29,314 [main] INFO QA Saif Prodhan - User able to verify information as {string} on the grid
2022-09-03 23:08:08,059 [main] INFO QA Saif Prodhan - User able to open any browser
2022-09-03 23:08:08,067 [main] INFO QA Saif Prodhan - User able to open chrome driver
2022-09-03 23:08:08,332 [main] INFO io.github.bonigarcia.wdm.WebDriverManager - Using chromedriver 105.0.5195.52 (resolved driver for Chrome 105)
2022-09-03 23:08:08,345 [main] INFO io.github.bonigarcia.wdm.WebDriverManager - Exporting webdriver.chrome.driver as C:\Users\prodh\.cache\selenium\chromedriver\win32\105.0.5195.52\chromedriver.exe
2022-09-03 23:08:09,496 [main] INFO QA Saif Prodhan - User able to enter {string} URL
2022-09-03 23:08:12,431 [main] INFO QA Saif Prodhan - User able to click on the Sign-in button
2022-09-03 23:08:13,584 [main] INFO QA Saif Prodhan - User able to enter userName
2022-09-03 23:08:13,800 [main] INFO QA Saif Prodhan - User able to enter the password
2022-09-03 23:08:13,800 [main] INFO QA Saif Prodhan - User able to click on Login button
2022-09-03 23:08:13,888 [main] INFO QA Saif Prodhan - User able to verify information as {string} on the grid
2022-09-03 23:19:24,058 [main] INFO QA Saif Prodhan - User able to open any browser
2022-09-03 23:19:24,067 [main] INFO QA Saif Prodhan - User able to open opera driver
2022-09-03 23:19:24,846 [main] INFO io.github.bonigarcia.wdm.WebDriverManager - Using operadriver 104.0.5112.81 (resolved driver for Opera 90)
2022-09-03 23:19:24,865 [main] INFO io.github.bonigarcia.wdm.WebDriverManager - Reading https://api.github.com/repos/operasoftware/operachromiumdriver/releases to seek operadriver
2022-09-03 23:19:25,654 [main] INFO io.github.bonigarcia.wdm.online.Downloader - Downloading https://github.com/operasoftware/operachromiumdriver/releases/download/v.104.0.5112.81/operadriver_win64.zip
2022-09-03 23:19:37,048 [main] INFO io.github.bonigarcia.wdm.online.Downloader - Extracting driver from compressed file operadriver_win64.zip
2022-09-03 23:19:37,205 [main] INFO io.github.bonigarcia.wdm.WebDriverManager - Operadriver: C:\Users\prodh\AppData\Local\Temp\18066386909313988307\operadriver_win64\operadriver.exe
2022-09-03 23:19:37,211 [main] INFO io.github.bonigarcia.wdm.WebDriverManager - Exporting webdriver.opera.driver as C:\Users\prodh\.cache\selenium\operadriver\win64\104.0.5112.81\operadriver.exe
2022-09-03 23:19:39,694 [main] INFO QA Saif Prodhan - User able to enter {string} URL
2022-09-03 23:19:42,366 [main] INFO QA Saif Prodhan - User able to click on the Sign-in button
2022-09-03 23:19:44,250 [main] INFO QA Saif Prodhan - User able to enter userName
2022-09-03 23:19:44,419 [main] INFO QA Saif Prodhan - User able to enter the password
2022-09-03 23:19:44,419 [main] INFO QA Saif Prodhan - User able to click on Login button
2022-09-03 23:19:44,497 [main] INFO QA Saif Prodhan - User able to verify information as {string} on the grid
2022-09-03 23:19:59,285 [main] INFO QA Saif Prodhan - User able to open any browser
2022-09-03 23:19:59,292 [main] INFO QA Saif Prodhan - User able to open opera driver
2022-09-03 23:19:59,549 [main] INFO io.github.bonigarcia.wdm.WebDriverManager - Using operadriver 104.0.5112.81 (resolved driver for Opera 90)
2022-09-03 23:19:59,564 [main] INFO io.github.bonigarcia.wdm.WebDriverManager - Exporting webdriver.opera.driver as C:\Users\prodh\.cache\selenium\operadriver\win64\104.0.5112.81\operadriver.exe
2022-09-03 23:20:01,323 [main] INFO QA Saif Prodhan - User able to enter {string} URL
2022-09-03 23:20:04,651 [main] INFO QA Saif Prodhan - User able to click on the Sign-in button
2022-09-03 23:20:07,007 [main] INFO QA Saif Prodhan - User able to enter userName
2022-09-03 23:20:07,174 [main] INFO QA Saif Prodhan - User able to enter the password
2022-09-03 23:20:07,176 [main] INFO QA Saif Prodhan - User able to click on Login button
2022-09-03 23:20:07,253 [main] INFO QA Saif Prodhan - User able to verify information as {string} on the grid
2022-09-03 23:20:56,611 [main] INFO QA Saif Prodhan - User able to open any browser
2022-09-03 23:20:56,621 [main] INFO QA Saif Prodhan - User able to open opera driver
2022-09-03 23:22:28,942 [main] INFO QA Saif Prodhan - User able to open any browser
2022-09-03 23:22:28,950 [main] INFO QA Saif Prodhan - User able to open opera driver
2022-09-03 23:22:51,745 [main] INFO QA Saif Prodhan - User able to open any browser
2022-09-03 23:22:51,753 [main] INFO QA Saif Prodhan - User able to open opera driver
2022-09-03 23:22:52,005 [main] INFO io.github.bonigarcia.wdm.WebDriverManager - Using operadriver 104.0.5112.81 (resolved driver for Opera 90)
2022-09-03 23:22:52,021 [main] INFO io.github.bonigarcia.wdm.WebDriverManager - Exporting webdriver.opera.driver as C:\Users\prodh\.cache\selenium\operadriver\win64\104.0.5112.81\operadriver.exe
2022-09-03 23:22:53,592 [main] INFO QA Saif Prodhan - User able to enter {string} URL
2022-09-03 23:22:59,519 [main] INFO QA Saif Prodhan - User able to click on the Sign-in button
2022-09-03 23:23:02,037 [main] INFO QA Saif Prodhan - User able to enter userName
2022-09-03 23:23:02,214 [main] INFO QA Saif Prodhan - User able to enter the password
2022-09-03 23:23:02,215 [main] INFO QA Saif Prodhan - User able to click on Login button
2022-09-03 23:23:02,286 [main] INFO QA Saif Prodhan - User able to verify information as {string} on the grid
2022-09-03 23:24:06,148 [main] INFO QA Saif Prodhan - User able to open any browser
2022-09-03 23:24:06,155 [main] INFO QA Saif Prodhan - User able to open firefox driver
2022-09-03 23:24:07,285 [main] INFO io.github.bonigarcia.wdm.WebDriverManager - Reading https://api.github.com/repos/mozilla/geckodriver/releases to seek geckodriver
2022-09-03 23:24:08,168 [main] INFO io.github.bonigarcia.wdm.WebDriverManager - Exporting webdriver.gecko.driver as C:\Users\prodh\.cache\selenium\geckodriver\win64\0.31.0\geckodriver.exe
2022-09-03 23:25:26,157 [main] INFO QA Saif Prodhan - User able to open any browser
2022-09-03 23:25:26,164 [main] INFO QA Saif Prodhan - User able to open firefox driver
2022-09-03 23:27:28,785 [main] INFO QA Saif Prodhan - User able to open any browser
2022-09-03 23:27:28,791 [main] INFO QA Saif Prodhan - User able to open firefox driver
2022-09-03 23:27:29,804 [main] INFO io.github.bonigarcia.wdm.WebDriverManager - Reading https://api.github.com/repos/mozilla/geckodriver/releases to seek geckodriver
2022-09-03 23:27:30,257 [main] INFO io.github.bonigarcia.wdm.WebDriverManager - Exporting webdriver.gecko.driver as C:\Users\prodh\.cache\selenium\geckodriver\win64\0.31.0\geckodriver.exe
2022-09-03 23:34:05,279 [main] INFO QA Saif Prodhan - User able to open any browser
2022-09-03 23:34:05,286 [main] INFO QA Saif Prodhan - User able to open opera driver
2022-09-03 23:34:06,922 [main] INFO QA Saif Prodhan - User able to enter {string} URL
2022-09-03 23:34:11,134 [main] INFO QA Saif Prodhan - User able to click on the Sign-in button
2022-09-03 23:34:13,046 [main] INFO QA Saif Prodhan - User able to enter userName
2022-09-03 23:34:13,229 [main] INFO QA Saif Prodhan - User able to enter the password
2022-09-03 23:34:13,230 [main] INFO QA Saif Prodhan - User able to click on Login button
2022-09-03 23:34:13,303 [main] INFO QA Saif Prodhan - User able to verify information as {string} on the grid
2022-09-03 23:36:12,629 [main] INFO QA Saif Prodhan - User able to open any browser
2022-09-03 23:36:12,638 [main] INFO QA Saif Prodhan - User able to open firefox driver
2022-09-03 23:43:07,959 [main] INFO QA Saif Prodhan - User able to open any browser
2022-09-03 23:43:07,963 [main] INFO QA Saif Prodhan - User able to open firefox driver
2022-09-03 23:43:45,574 [main] INFO QA Saif Prodhan - User able to open any browser
2022-09-03 23:43:45,585 [main] INFO QA Saif Prodhan - User able to open firefox driver
2022-09-03 23:54:50,376 [main] INFO QA Saif Prodhan - User able to open any browser
2022-09-03 23:54:50,384 [main] INFO QA Saif Prodhan - User able to open firefox driver
2022-09-03 23:55:13,882 [main] INFO QA Saif Prodhan - User able to open any browser
2022-09-03 23:55:13,889 [main] INFO QA Saif Prodhan - User able to open chrome driver
2022-09-03 23:55:14,145 [main] INFO io.github.bonigarcia.wdm.WebDriverManager - Using chromedriver 105.0.5195.52 (resolved driver for Chrome 105)
2022-09-03 23:55:14,160 [main] INFO io.github.bonigarcia.wdm.WebDriverManager - Exporting webdriver.chrome.driver as C:\Users\prodh\.cache\selenium\chromedriver\win32\105.0.5195.52\chromedriver.exe
2022-09-03 23:55:15,382 [main] INFO QA Saif Prodhan - User able to enter {string} URL
2022-09-03 23:55:19,533 [main] INFO QA Saif Prodhan - User able to click on the Sign-in button
2022-09-03 23:55:21,233 [main] INFO QA Saif Prodhan - User able to enter userName
2022-09-03 23:55:21,407 [main] INFO QA Saif Prodhan - User able to enter the password
2022-09-03 23:55:21,408 [main] INFO QA Saif Prodhan - User able to click on Login button
2022-09-03 23:55:21,477 [main] INFO QA Saif Prodhan - User able to verify information as {string} on the grid
2022-09-03 23:55:45,927 [main] INFO QA Saif Prodhan - User able to open any browser
2022-09-03 23:55:45,936 [main] INFO QA Saif Prodhan - User able to open chrome driver
2022-09-03 23:55:46,229 [main] INFO io.github.bonigarcia.wdm.WebDriverManager - Using chromedriver 105.0.5195.52 (resolved driver for Chrome 105)
2022-09-03 23:55:46,244 [main] INFO io.github.bonigarcia.wdm.WebDriverManager - Exporting webdriver.chrome.driver as C:\Users\prodh\.cache\selenium\chromedriver\win32\105.0.5195.52\chromedriver.exe
2022-09-03 23:55:47,468 [main] INFO QA Saif Prodhan - User able to enter {string} URL
2022-09-03 23:55:50,580 [main] INFO QA Saif Prodhan - User able to click on the Sign-in button
2022-09-03 23:55:51,790 [main] INFO QA Saif Prodhan - User able to enter userName
2022-09-03 23:55:51,953 [main] INFO QA Saif Prodhan - User able to enter the password
2022-09-03 23:55:51,953 [main] INFO QA Saif Prodhan - User able to click on Login button
2022-09-03 23:55:52,038 [main] INFO QA Saif Prodhan - User able to verify information as {string} on the grid
2022-09-04 00:07:16,956 [main] INFO QA Saif Prodhan - User able to open any browser
2022-09-04 00:07:16,964 [main] INFO QA Saif Prodhan - User able to open chrome driver
2022-09-04 00:07:17,233 [main] INFO io.github.bonigarcia.wdm.WebDriverManager - Using chromedriver 105.0.5195.52 (resolved driver for Chrome 105)
2022-09-04 00:07:17,246 [main] INFO io.github.bonigarcia.wdm.WebDriverManager - Exporting webdriver.chrome.driver as C:\Users\prodh\.cache\selenium\chromedriver\win32\105.0.5195.52\chromedriver.exe
2022-09-04 00:07:18,486 [main] INFO QA Saif Prodhan - User able to enter {string} URL
2022-09-04 00:07:20,665 [main] INFO QA Saif Prodhan - User able to click on the Sign-in button
2022-09-04 00:07:21,823 [main] INFO QA Saif Prodhan - User able to enter userName
2022-09-04 00:07:21,982 [main] INFO QA Saif Prodhan - User able to enter the password
2022-09-04 00:07:21,983 [main] INFO QA Saif Prodhan - User able to click on Login button
2022-09-04 00:07:22,046 [main] INFO QA Saif Prodhan - User able to verify information as {string} on the grid
2022-09-05 06:49:49,952 [main] INFO QA Saif Prodhan - User able to open any browser
2022-09-05 06:49:49,960 [main] INFO QA Saif Prodhan - User able to open chrome driver
2022-09-05 06:49:51,003 [main] INFO io.github.bonigarcia.wdm.WebDriverManager - Using chromedriver 105.0.5195.52 (resolved driver for Chrome 105)
2022-09-05 06:49:51,021 [main] INFO io.github.bonigarcia.wdm.WebDriverManager - Exporting webdriver.chrome.driver as C:\Users\prodh\.cache\selenium\chromedriver\win32\105.0.5195.52\chromedriver.exe
2022-09-05 06:49:52,527 [main] INFO QA Saif Prodhan - User able to enter {string} URL
2022-09-05 06:49:54,815 [main] INFO QA Saif Prodhan - User able to click on the Sign-in button
2022-09-05 06:49:56,081 [main] INFO QA Saif Prodhan - User able to enter userName
2022-09-05 06:49:56,241 [main] INFO QA Saif Prodhan - User able to enter the password
2022-09-05 06:49:56,242 [main] INFO QA Saif Prodhan - User able to click on Login button
2022-09-05 06:49:56,309 [main] INFO QA Saif Prodhan - User able to verify information as {string} on the grid
2022-09-05 09:56:13,403 [main] INFO QA Saif Prodhan - User able to open any browser
2022-09-05 09:56:13,406 [main] INFO QA Saif Prodhan - User able to open chrome driver
2022-09-05 09:56:14,166 [main] INFO io.github.bonigarcia.wdm.WebDriverManager - Using chromedriver 105.0.5195.52 (resolved driver for Chrome 105)
2022-09-05 09:56:14,177 [main] INFO io.github.bonigarcia.wdm.WebDriverManager - Exporting webdriver.chrome.driver as C:\Users\prodh\.cache\selenium\chromedriver\win32\105.0.5195.52\chromedriver.exe
2022-09-05 09:56:15,713 [main] INFO QA Saif Prodhan - User able to enter {string} URL
2022-09-05 09:56:19,982 [main] INFO QA Saif Prodhan - User able to click on the Sign-in button
2022-09-05 09:56:21,738 [main] INFO QA Saif Prodhan - User able to enter userName
2022-09-05 09:56:21,900 [main] INFO QA Saif Prodhan - User able to enter the password
2022-09-05 09:56:21,901 [main] INFO QA Saif Prodhan - User able to click on Login button
2022-09-05 09:56:21,992 [main] INFO QA Saif Prodhan - User able to verify information as {string} on the grid
2022-09-06 10:20:24,471 [main] INFO QA Saif Prodhan - User able to open any browser
2022-09-06 10:20:24,478 [main] INFO QA Saif Prodhan - User able to open chrome driver
2022-09-06 10:20:25,093 [main] INFO io.github.bonigarcia.wdm.WebDriverManager - Using chromedriver 105.0.5195.52 (resolved driver for Chrome 105)
2022-09-06 10:20:25,104 [main] INFO io.github.bonigarcia.wdm.WebDriverManager - Exporting webdriver.chrome.driver as C:\Users\prodh\.cache\selenium\chromedriver\win32\105.0.5195.52\chromedriver.exe
2022-09-06 10:20:26,253 [main] INFO QA Saif Prodhan - User able to enter {string} URL
2022-09-06 10:20:29,763 [main] INFO QA Saif Prodhan - User able to click on the Sign-in button
2022-09-06 10:20:30,814 [main] INFO QA Saif Prodhan - User able to enter userName
2022-09-06 10:20:30,996 [main] INFO QA Saif Prodhan - User able to enter the password
2022-09-06 10:20:30,997 [main] INFO QA Saif Prodhan - User able to click on Login button
2022-09-06 10:20:31,084 [main] INFO QA Saif Prodhan - User able to verify information as {string} on the grid
2022-09-06 12:54:11,903 [main] INFO QA Saif Prodhan - User able to open any browser
2022-09-06 12:54:11,907 [main] INFO QA Saif Prodhan - User able to open chrome driver
2022-09-06 12:54:12,498 [main] INFO io.github.bonigarcia.wdm.WebDriverManager - Using chromedriver 105.0.5195.52 (resolved driver for Chrome 105)
2022-09-06 12:54:12,515 [main] INFO io.github.bonigarcia.wdm.WebDriverManager - Exporting webdriver.chrome.driver as C:\Users\prodh\.cache\selenium\chromedriver\win32\105.0.5195.52\chromedriver.exe
2022-09-06 12:54:14,605 [main] INFO QA Saif Prodhan - User able to enter {string} URL
2022-09-06 12:54:21,750 [main] INFO QA Saif Prodhan - User able to click on the Sign-in button
2022-09-06 12:54:24,138 [main] INFO QA Saif Prodhan - User able to enter userName
2022-09-06 12:54:24,354 [main] INFO QA Saif Prodhan - User able to enter the password
2022-09-06 12:54:24,355 [main] INFO QA Saif Prodhan - User able to click on Login button
2022-09-06 12:54:24,492 [main] INFO QA Saif Prodhan - User able to verify information as {string} on the grid
2022-09-06 12:55:09,448 [main] INFO QA Saif Prodhan - User able to open any browser
2022-09-06 12:55:09,453 [main] INFO QA Saif Prodhan - User able to open chrome driver
2022-09-06 12:55:09,700 [main] INFO io.github.bonigarcia.wdm.WebDriverManager - Using chromedriver 105.0.5195.52 (resolved driver for Chrome 105)
2022-09-06 12:55:09,712 [main] INFO io.github.bonigarcia.wdm.WebDriverManager - Exporting webdriver.chrome.driver as C:\Users\prodh\.cache\selenium\chromedriver\win32\105.0.5195.52\chromedriver.exe
2022-09-06 12:55:10,858 [main] INFO QA Saif Prodhan - User able to enter {string} URL
2022-09-06 12:55:13,687 [main] INFO QA Saif Prodhan - User able to click on the Sign-in button
2022-09-06 12:55:15,649 [main] INFO QA Saif Prodhan - User able to enter userName
2022-09-06 12:55:15,884 [main] INFO QA Saif Prodhan - User able to enter the password
2022-09-06 12:55:15,886 [main] INFO QA Saif Prodhan - User able to click on Login button
2022-09-06 12:55:16,047 [main] INFO QA Saif Prodhan - User able to verify information as {string} on the grid
2022-09-06 13:09:30,046 [main] INFO QA Saif Prodhan - User able to open any browser
2022-09-06 13:09:30,051 [main] INFO QA Saif Prodhan - User able to open chrome driver
2022-09-06 13:09:30,306 [main] INFO io.github.bonigarcia.wdm.WebDriverManager - Using chromedriver 105.0.5195.52 (resolved driver for Chrome 105)
2022-09-06 13:09:30,317 [main] INFO io.github.bonigarcia.wdm.WebDriverManager - Exporting webdriver.chrome.driver as C:\Users\prodh\.cache\selenium\chromedriver\win32\105.0.5195.52\chromedriver.exe
2022-09-06 13:09:31,525 [main] INFO QA Saif Prodhan - User able to enter {string} URL
2022-09-06 13:09:34,588 [main] INFO QA Saif Prodhan - User able to click on the Sign-in button
2022-09-06 13:09:36,606 [main] INFO QA Saif Prodhan - User able to enter userName
2022-09-06 13:09:36,825 [main] INFO QA Saif Prodhan - User able to enter the password
2022-09-06 13:09:36,826 [main] INFO QA Saif Prodhan - User able to click on Login button
2022-09-06 13:09:36,955 [main] INFO QA Saif Prodhan - User able to verify information as {string} on the grid
2022-09-06 13:16:36,007 [main] INFO QA Saif Prodhan - User able to open any browser
2022-09-06 13:16:36,014 [main] INFO QA Saif Prodhan - User able to open chrome driver
2022-09-06 13:16:36,265 [main] INFO io.github.bonigarcia.wdm.WebDriverManager - Using chromedriver 105.0.5195.52 (resolved driver for Chrome 105)
2022-09-06 13:16:36,278 [main] INFO io.github.bonigarcia.wdm.WebDriverManager - Exporting webdriver.chrome.driver as C:\Users\prodh\.cache\selenium\chromedriver\win32\105.0.5195.52\chromedriver.exe
2022-09-06 13:16:37,503 [main] INFO QA Saif Prodhan - User able to enter {string} URL
2022-09-06 13:16:40,218 [main] INFO QA Saif Prodhan - User able to click on the Sign-in button
2022-09-06 13:16:41,864 [main] INFO QA Saif Prodhan - User able to enter userName
2022-09-06 13:16:42,072 [main] INFO QA Saif Prodhan - User able to enter the password
2022-09-06 13:16:42,073 [main] INFO QA Saif Prodhan - User able to click on Login button
2022-09-06 13:16:42,214 [main] INFO QA Saif Prodhan - User able to verify information as {string} on the grid
2022-09-06 13:37:29,358 [main] INFO QA Saif Prodhan - User able to open any browser
2022-09-06 13:37:29,362 [main] INFO QA Saif Prodhan - User able to open chrome driver
2022-09-06 13:37:29,629 [main] INFO io.github.bonigarcia.wdm.WebDriverManager - Using chromedriver 105.0.5195.52 (resolved driver for Chrome 105)
2022-09-06 13:37:29,642 [main] INFO io.github.bonigarcia.wdm.WebDriverManager - Exporting webdriver.chrome.driver as C:\Users\prodh\.cache\selenium\chromedriver\win32\105.0.5195.52\chromedriver.exe
2022-09-06 13:37:30,924 [main] INFO QA Saif Prodhan - User able to enter {string} URL
2022-09-06 13:37:36,333 [main] INFO QA Saif Prodhan - User able to click on the Sign-in button
2022-09-06 13:37:38,442 [main] INFO QA Saif Prodhan - User able to enter userName
2022-09-06 13:37:38,663 [main] INFO QA Saif Prodhan - User able to enter the password
2022-09-06 13:37:38,663 [main] INFO QA Saif Prodhan - User able to click on Login button
2022-09-06 13:37:38,807 [main] INFO QA Saif Prodhan - User able to verify information as {string} on the grid
2022-09-06 13:40:45,497 [main] INFO QA Saif Prodhan - User able to open any browser
2022-09-06 13:40:45,501 [main] INFO QA Saif Prodhan - User able to open chrome driver
2022-09-06 13:40:45,772 [main] INFO io.github.bonigarcia.wdm.WebDriverManager - Using chromedriver 105.0.5195.52 (resolved driver for Chrome 105)
2022-09-06 13:40:45,784 [main] INFO io.github.bonigarcia.wdm.WebDriverManager - Exporting webdriver.chrome.driver as C:\Users\prodh\.cache\selenium\chromedriver\win32\105.0.5195.52\chromedriver.exe
2022-09-06 13:40:47,106 [main] INFO QA Saif Prodhan - User able to enter {string} URL
2022-09-06 13:40:50,274 [main] INFO QA Saif Prodhan - User able to click on the Sign-in button
2022-09-06 13:40:52,179 [main] INFO QA Saif Prodhan - User able to enter userName
2022-09-06 13:40:52,406 [main] INFO QA Saif Prodhan - User able to enter the password
2022-09-06 13:40:52,407 [main] INFO QA Saif Prodhan - User able to click on Login button
2022-09-06 13:40:52,551 [main] INFO QA Saif Prodhan - User able to verify information as {string} on the grid
2022-09-06 13:42:38,300 [main] INFO QA Saif Prodhan - User able to open any browser
2022-09-06 13:42:38,305 [main] INFO QA Saif Prodhan - User able to open chrome driver
2022-09-06 13:42:38,570 [main] INFO io.github.bonigarcia.wdm.WebDriverManager - Using chromedriver 105.0.5195.52 (resolved driver for Chrome 105)
2022-09-06 13:42:38,581 [main] INFO io.github.bonigarcia.wdm.WebDriverManager - Exporting webdriver.chrome.driver as C:\Users\prodh\.cache\selenium\chromedriver\win32\105.0.5195.52\chromedriver.exe
2022-09-06 13:42:39,846 [main] INFO QA Saif Prodhan - User able to enter {string} URL
2022-09-06 13:42:42,618 [main] INFO QA Saif Prodhan - User able to click on the Sign-in button
2022-09-06 13:42:44,034 [main] INFO QA Saif Prodhan - User able to enter userName
2022-09-06 13:42:44,247 [main] INFO QA Saif Prodhan - User able to enter the password
2022-09-06 13:42:44,248 [main] INFO QA Saif Prodhan - User able to click on Login button
2022-09-06 13:42:44,422 [main] INFO QA Saif Prodhan - User able to verify information as {string} on the grid
